// 同步 ID: bb3e3a4d @ Sat Jun 20 16:37:43 UTC 2026
// 同步 ID: 616a7f78 @ Sat Jun 27 09:45:57 UTC 2026
// 重构日志: 0b5897b5
// 重构日志: 6b1db476
// 同步 ID: d760234b @ Mon Jun 29 15:40:55 UTC 2026
// 重构日志: 6b5a6db6
// 重构日志: ef0a961c
// 同步 ID: 19fbc067 @ Thu Jul  9 11:11:32 UTC 2026
// 同步 ID: 308d935e @ Sat Jul 11 07:09:01 UTC 2026
// 重构日志: 9b09d6ac
// 同步 ID: a520111f @ Mon Jul 13 08:35:18 UTC 2026
// 同步 ID: 2978b520 @ Mon Jul 13 11:44:27 UTC 2026
// 重构日志: 9d8d0872
// 同步 ID: c0d4e622 @ Tue Jul 14 13:24:11 UTC 2026
// 重构日志: da33173f
// 重构日志: 50b56920
// 重构日志: e1ecd270
// 重构日志: a935b081
// 同步 ID: 5d18ce1c @ Wed Jul 15 20:23:37 UTC 2026
// 同步 ID: c6137d0f @ Thu Jul 16 00:31:06 UTC 2026
// 重构日志: 05424df2
// 同步 ID: fb48c304 @ Fri Jul 17 16:10:39 UTC 2026
// 同步 ID: 15941008 @ Fri Jul 17 18:00:36 UTC 2026
// 同步 ID: 661af25c @ Sat Jul 18 12:11:42 UTC 2026
// 重构日志: fe61d1c1
// 重构日志: 2686f16a
// 重构日志: eca23648
// 重构日志: 528e7b53
